<?xml version="1.0" encoding="UTF-8"?>
<testng-results skipped="0" failed="0" ignored="0" total="1" passed="1">
  <reporter-output>
  </reporter-output>
  <suite name="Suite" duration-ms="52044" started-at="2019-09-24T06:25:05Z" finished-at="2019-09-24T06:25:57Z">
    <groups>
    </groups>
    <test name="Test" duration-ms="52044" started-at="2019-09-24T06:25:05Z" finished-at="2019-09-24T06:25:57Z">
      <class name="FirstTry.Check.NewTest">
        <test-method status="PASS" signature="beforeTest()[pri:0, instance:FirstTry.Check.NewTest@1c72da34]" name="beforeTest" is-config="true" duration-ms="45189" started-at="2019-09-24T06:25:05Z" finished-at="2019-09-24T06:25:50Z">
          <reporter-output>
          </reporter-output>
        </test-method> <!-- beforeTest -->
        <test-method status="PASS" signature="testEasy()[pri:0, instance:FirstTry.Check.NewTest@1c72da34]" name="testEasy" duration-ms="6025" started-at="2019-09-24T06:25:50Z" finished-at="2019-09-24T06:25:56Z">
          <reporter-output>
          </reporter-output>
        </test-method> <!-- testEasy -->
        <test-method status="PASS" signature="afterTest()[pri:0, instance:FirstTry.Check.NewTest@1c72da34]" name="afterTest" is-config="true" duration-ms="805" started-at="2019-09-24T06:25:56Z" finished-at="2019-09-24T06:25:57Z">
          <reporter-output>
          </reporter-output>
        </test-method> <!-- afterTest -->
      </class> <!-- FirstTry.Check.NewTest -->
    </test> <!-- Test -->
  </suite> <!-- Suite -->
</testng-results>
